O O O B-LightSensor.CommandFeature B-LightSensor.COMMAND B-LightSensor.CommandFeature
B-LightSensor.COMMAND B-LightSensor.CommandFeature O B-LightSensor.Actor B-LightSensor.Action O B-LightSensor.LOC
B-LightSensor.COMMAND B-LightSensor.CommandFeature O B-LightSensor.Actor B-LightSensor.Action O B-LightSensor.LOC
B-WaterTapRelay.Actor B-WaterTapRelay.Action I-WaterTapRelay.Action B-WaterTapRelay.CommandFeature
B-WaterTapRelay.COMMAND B-WaterTapRelay.FeatureState B-WaterTapRelay.CommandFeature O B-WaterTapRelay.Actor B-WaterTapRelay.Action
B-WaterTapRelay.COMMAND B-WaterTapRelay.CommandFeature O I-WaterTapRelay.CommandFeature O B-WaterTapRelay.Actor B-WaterTapRelay.Action
B-WaterTapRelay.COMMAND B-WaterTapRelay.CommandFeature O B-WaterTapRelay.LOC
B-WaterTapRelay.Quantifier B-WaterTapRelay.COMMAND B-WaterTapRelay.CommandFeature
B-WaterTapRelay.COMMAND O
B-WaterTapRelay.COMMAND B-WaterTapRelay.CommandFeature O I-WaterTapRelay.CommandFeature
B-WaterTapRelay.COMMAND B-WaterTapRelay.CommandFeature
B-WaterTapRelay.COMMAND B-WaterTapRelay.CommandFeature
B-TemperatureSensor.COMMAND B-TemperatureSensor.LOC O I-TemperatureSensor.LOC
B-TemperatureSensor.ParameterValueQuestion O B-TemperatureSensor.CommandFeature
O O B-TemperatureSensor.CommandFeature
B-TemperatureSensor.LOC B-TemperatureSensor.IntensityQuantifier B-TemperatureSensor.CommandFeature
O B-TemperatureSensor.Actor B-TemperatureSensor.Action B-TemperatureSensor.LOC O B-TemperatureSensor.COMMAND B-TemperatureSensor.DEVICE
O B-TemperatureSensor.COMMAND B-TemperatureSensor.DEVICE O B-TemperatureSensor.LOC
O B-TemperatureSensor.ParameterValueQuestion O B-TemperatureSensor.LOC
O O O B-TemperatureSensor.CommandFeature B-TemperatureSensor.COMMAND B-TemperatureSensor.CommandFeature
B-WashingMachine.COMMAND B-WashingMachine.DEVICE I-WashingMachine.DEVICE O O O O O O
B-WashingMachine.ParameterValueQuestion O B-WashingMachine.CommandFeature I-WashingMachine.CommandFeature
B-WashingMachine.COMMAND O B-WashingMachine.DeviceParameterValue B-WashingMachine.DeviceParameter
B-WashingMachine.ParameterValueQuestion O O O B-WashingMachine.Actor B-WashingMachine.Action
O O B-WashingMachine.CommandState B-WashingMachine.CommandFeature
B-DoorWindowStatusSensor.DeviceQuestion B-DoorWindowStatusSensor.DeviceFeature O O B-DoorWindowStatusSensor.LOC O B-DoorWindowStatusSensor.FeatureState
O B-DoorWindowStatusSensor.CommandFeature O B-DoorWindowStatusSensor.FeatureState B-DoorWindowStatusSensor.COMMAND O
O O B-DoorWindowStatusSensor.CommandFeature B-DoorWindowStatusSensor.COMMAND B-DoorWindowStatusSensor.CommandFeature
B-AudioSystem.Request B-AudioSystem.IntensityQuantifier B-AudioSystem.Analytics B-AudioSystem.CommandFeature
B-AudioSystem.COMMAND B-AudioSystem.CommandFeature O B-AudioSystem.Actor B-AudioSystem.Action
O O O O B-AudioSystem.COMMAND I-AudioSystem.COMMAND B-AudioSystem.CommandFeature O B-AudioSystem.Action
B-AudioSystem.COMMAND O B-AudioSystem.CommandFeature B-AudioSystem.IntensityQuantifier
B-AudioSystem.COMMAND B-AudioSystem.CommandFeature B-AudioSystem.FeatureStateValue I-AudioSystem.FeatureStateValue I-AudioSystem.FeatureStateValue
B-AudioSystem.COMMAND B-AudioSystem.CommandFeature O B-AudioSystem.Actor B-AudioSystem.Action
B-AudioSystem.COMMAND B-AudioSystem.CommandFeature O B-AudioSystem.Actor B-AudioSystem.Action
B-AudioSystem.COMMAND B-AudioSystem.CommandFeature O O O O
B-TVSet.COMMAND B-TVSet.DeviceFeature I-TVSet.DeviceFeature B-TVSet.Actor B-TVSet.Action B-TVSet.LOC O
B-TVSet.COMMAND O O B-TVSet.Action B-TVSet.CommandFeature
B-TVSet.COMMAND B-TVSet.CommandFeature O B-TVSet.Actor B-TVSet.Action
B-TVSet.COMMAND B-TVSet.DEVICE
B-SmartKettle.COMMAND B-SmartKettle.CommandFeature
O B-SmartKettle.Actor B-SmartKettle.Action B-SmartKettle.COMMAND B-SmartKettle.CommandFeature
O B-SmartKettle.Actor B-SmartKettle.Action B-SmartKettle.COMMAND B-SmartKettle.CommandFeature
B-SmartElectricityMeter.ParameterValueQuestion O B-SmartElectricityMeter.Duration I-SmartElectricityMeter.Duration B-SmartElectricityMeter.Action O B-SmartElectricityMeter.ParameterFeature
B-SmartElectricityMeter.ParameterValueQuestion O B-SmartElectricityMeter.Duration I-SmartElectricityMeter.Duration B-SmartElectricityMeter.Action O B-SmartElectricityMeter.ParameterFeature
B-SmartElectricityMeter.COMMAND B-SmartElectricityMeter.CommandFeature O B-SmartElectricityMeter.LOC
B-SmartElectricityMeter.COMMAND B-SmartElectricityMeter.CommandFeature O B-SmartElectricityMeter.LOC
B-SmartElectricityMeter.ParameterValueQuestion O O O O O B-SmartElectricityMeter.CommandFeature
B-SmartElectricityMeter.COMMAND B-SmartElectricityMeter.CommandFeature O B-SmartElectricityMeter.Actor B-SmartElectricityMeter.Action O B-SmartElectricityMeter.LOC
B-SmartOven.COMMAND B-SmartOven.Actor
B-SmartOven.ParameterValueQuestion O B-SmartOven.CommandFeature I-SmartOven.CommandFeature O B-SmartOven.DEVICE
B-SmartOven.ParameterValueQuestion B-SmartOven.FeatureState I-SmartOven.FeatureState B-SmartOven.CommandFeature
B-SmartOven.COMMAND B-SmartOven.Actor O B-SmartOven.CommandFeature
B-SmartIron.COMMAND B-SmartIron.DEVICE B-SmartIron.Actor B-SmartIron.Action I-SmartIron.Action B-SmartIron.DeviceParameterValue O
O B-SmartIron.DEVICE O O B-SmartIron.DeviceState O B-SmartIron.COMMAND O
B-SmartIron.COMMAND B-SmartIron.DEVICE O B-SmartIron.DeviceParameterValue
B-HeaterController.COMMAND B-HeaterController.CommandFeature O B-HeaterController.Quantor B-HeaterController.LOC
O O O B-HeaterController.COMMAND B-HeaterController.DEVICE O B-HeaterController.LOC O B-HeaterController.DeviceParameterValue B-HeaterController.DeviceParameter
O O O B-HeaterController.COMMAND B-HeaterController.DEVICE O B-HeaterController.LOC
O O B-HeaterController.LOC B-HeaterController.CommandFeature B-HeaterController.COMMAND B-HeaterController.DeviceFeature
B-HumiditySensor.COMMAND B-HumiditySensor.DeviceFeature O O O
B-SmartBreadMaker.COMMAND B-SmartBreadMaker.CommandFeature
B-SmartBreadMaker.COMMAND B-SmartBreadMaker.CommandFeature O B-SmartBreadMaker.Actor B-SmartBreadMaker.Action
O O O B-HeatingFloor.IntensityQuantifier B-HeatingFloor.DeviceParameterValue O B-HeatingFloor.COMMAND B-HeatingFloor.DeviceFeature I-HeatingFloor.DeviceFeature
B-MotionSensor.COMMAND B-MotionSensor.CommandFeature O B-MotionSensor.Actor B-MotionSensor.Action O B-MotionSensor.LOC
B-MotionSensor.Actor B-MotionSensor.Action B-MotionSensor.LOC O O
B-MotionSensor.COMMAND O B-MotionSensor.CommandFeature B-MotionSensor.LOC I-MotionSensor.LOC B-MotionSensor.FeatureState B-MotionSensor.IntensityQuantifier
B-MotionSensor.Actor B-MotionSensor.Action B-MotionSensor.LOC O O
B-SmartFridge.ParameterValueQuestion O B-SmartFridge.CommandFeature B-SmartFridge.FeatureState
B-SmartFridge.ParameterValueQuestion O B-SmartFridge.CommandFeature I-SmartFridge.CommandFeature O B-SmartFridge.DEVICE
B-SmartFridge.ParameterValueQuestion O B-SmartFridge.Action B-SmartFridge.CommandFeature
O O B-SmartFridge.CommandFeature O I-SmartFridge.CommandFeature
B-SmartMicrowave.ParameterValueQuestion B-SmartMicrowave.ParameterValue B-SmartMicrowave.FeatureState B-SmartMicrowave.CommandFeature O B-SmartMicrowave.DEVICE
B-WindowRelay.COMMAND B-WindowRelay.LOC
B-WindowRelay.COMMAND B-WindowRelay.LOCCurrent O B-WindowRelay.Actor B-WindowRelay.Action O B-WindowRelay.LOC
O O B-WindowRelay.CommandFeature O B-WindowRelay.COMMAND B-WindowRelay.CommandFeature
O O B-WindowRelay.CommandFeature B-WindowRelay.COMMAND B-WindowRelay.CommandFeature
B-SmartVacuumCleaner.COMMAND B-SmartVacuumCleaner.LOCCurrent O B-SmartVacuumCleaner.Actor B-SmartVacuumCleaner.Action O B-SmartVacuumCleaner.LOC
O B-SmartVacuumCleaner.Actor B-SmartVacuumCleaner.Action B-SmartVacuumCleaner.LOC O B-SmartVacuumCleaner.COMMAND B-SmartVacuumCleaner.CommandFeature
B-SmartVacuumCleaner.COMMAND B-SmartVacuumCleaner.LOCCurrent O B-SmartVacuumCleaner.Actor B-SmartVacuumCleaner.Action O B-SmartVacuumCleaner.LOC
B-SmartVacuumCleaner.COMMAND B-SmartVacuumCleaner.LOCCurrent O B-SmartVacuumCleaner.Actor B-SmartVacuumCleaner.Action O B-SmartVacuumCleaner.LOC
B-SmartToaster.COMMAND B-SmartToaster.CommandFeature
O O B-CurtainsRelay.LOC O B-CurtainsRelay.COMMAND B-CurtainsRelay.CommandFeature
O O B-CurtainsRelay.LOC O B-CurtainsRelay.COMMAND B-CurtainsRelay.CommandFeature
B-CurtainsRelay.ParameterValueQuestion O O B-CurtainsRelay.CommandFeature I-CurtainsRelay.CommandFeature
B-CurtainsRelay.COMMAND O O B-CurtainsRelay.IntensityQuantifier B-CurtainsRelay.CommandFeature
O O B-CurtainsRelay.LOC O B-CurtainsRelay.COMMAND B-CurtainsRelay.CommandFeature
B-CoffeeMachine.COMMAND B-CoffeeMachine.CommandFeature O O O
O B-CoffeeMachine.Actor B-CoffeeMachine.Action B-CoffeeMachine.COMMAND B-CoffeeMachine.CommandFeature
O O B-CoffeeMachine.COMMAND B-CoffeeMachine.DEVICE O B-CoffeeMachine.LOC
B-Printer.COMMAND B-Printer.CommandFeature I-Printer.CommandFeature
B-Printer.COMMAND B-Printer.CommandFeature
B-Printer.COMMAND B-Printer.CommandFeature O O O
B-Printer.COMMAND B-Printer.CommandFeature O O O
B-Lamp.COMMAND B-Lamp.CommandFeature O B-Lamp.Actor B-Lamp.Action O B-Lamp.LOC
B-Lamp.COMMAND B-Lamp.CommandFeature O B-Lamp.Actor B-Lamp.Action O
B-Lamp.COMMAND B-Lamp.CommandFeature O B-Lamp.Actor B-Lamp.Action O B-Lamp.LOC
B-Lamp.COMMAND B-Lamp.CommandFeature O O O O
B-Lamp.COMMAND B-Lamp.CommandFeature O O O O
B-Lamp.COMMAND B-Lamp.CommandFeature O B-Lamp.LOC
B-Lamp.COMMAND B-Lamp.CommandFeature O B-Lamp.Actor B-Lamp.Action O B-Lamp.LOC
B-SmartFeeder.COMMAND O O O O O
O O O O B-SmartFeeder.COMMAND O
O B-SmartFeeder.CommandFeature B-SmartFeeder.FeatureState I-SmartFeeder.FeatureState I-SmartFeeder.FeatureState B-SmartFeeder.COMMAND O
B-SmartFeeder.Actor B-SmartFeeder.Action B-SmartFeeder.CommandFeature B-SmartFeeder.IntensityQuantifier O B-SmartFeeder.FeatureState
B-Phone.COMMAND B-Phone.CommandFeature I-Phone.CommandFeature O B-Phone.DEVICE
B-FloorLite.COMMAND B-FloorLite.CommandFeature O B-FloorLite.LOC
B-FloorLite.COMMAND O B-FloorLite.CommandFeature O O
B-Humidifier.COMMAND B-Humidifier.DeviceParameter O B-Humidifier.DeviceParameterValue O O O O
B-WindowStatusSensor.COMMAND B-WindowStatusSensor.LOC O O